Build started 7/8/2016 1:05:02 PM.
     1>Project "C:\Users\v-dashoc\Documents\Visual Studio 2015\Projects\CPPCodingBat\W32AP-1\W32AP-1.vcxproj" on node 5 (Build target(s)).
     1>ClCompile:
         C:\Program Files (x86)\Microsoft Visual Studio 14.0\VC\bin\CL.exe /c /Zi /nologo /W3 /WX- /sdl /O2 /Oi /Oy- /GL /D WIN32 /D NDEBUG /D _CONSOLE /D _UNICODE /D UNICODE /Gm- /EHsc /MD /GS /Gy /fp:precise /Zc:wchar_t /Zc:forScope /Zc:inline /Yc"stdafx.h" /Fp"Release\W32AP-1.pch" /Fo"Release\\" /Fd"Release\vc140.pdb" /Gd /TP /analyze- /errorReport:prompt stdafx.cpp
         stdafx.cpp
         C:\Program Files (x86)\Microsoft Visual Studio 14.0\VC\bin\CL.exe /c /Zi /nologo /W3 /WX- /sdl /O2 /Oi /Oy- /GL /D WIN32 /D NDEBUG /D _CONSOLE /D _UNICODE /D UNICODE /Gm- /EHsc /MD /GS /Gy /fp:precise /Zc:wchar_t /Zc:forScope /Zc:inline /Yu"stdafx.h" /Fp"Release\W32AP-1.pch" /Fo"Release\\" /Fd"Release\vc140.pdb" /Gd /TP /analyze- /errorReport:prompt "W32AP-1.cpp"
         W32AP-1.cpp
     1>W32AP-1.cpp(253): warning C4018: '<': signed/unsigned mismatch
     1>W32AP-1.cpp(280): warning C4018: '<': signed/unsigned mismatch
     1>W32AP-1.cpp(331): warning C4018: '<': signed/unsigned mismatch
     1>W32AP-1.cpp(500): warning C4018: '<': signed/unsigned mismatch
     1>W32AP-1.cpp(503): warning C4018: '<': signed/unsigned mismatch
     1>W32AP-1.cpp(531): warning C4018: '<': signed/unsigned mismatch
       Link:
         C:\Program Files (x86)\Microsoft Visual Studio 14.0\VC\bin\link.exe /ERRORREPORT:PROMPT /OUT:"C:\Users\v-dashoc\Documents\Visual Studio 2015\Projects\CPPCodingBat\Release\W32AP-1.exe" /INCREMENTAL:NO /NOLOGO kernel32.lib user32.lib gdi32.lib winspool.lib comdlg32.lib advapi32.lib shell32.lib ole32.lib oleaut32.lib uuid.lib odbc32.lib odbccp32.lib /MANIFEST /MANIFESTUAC:"level='asInvoker' uiAccess='false'" /manifest:embed /Debug /PDB:"C:\Users\v-dashoc\Documents\Visual Studio 2015\Projects\CPPCodingBat\Release\W32AP-1.pdb" /SUBSYSTEM:CONSOLE /OPT:REF /OPT:ICF /LTCG:incremental /TLBID:1 /DYNAMICBASE /NXCOMPAT /IMPLIB:"C:\Users\v-dashoc\Documents\Visual Studio 2015\Projects\CPPCodingBat\Release\W32AP-1.lib" /MACHINE:X86 /SAFESEH Release\stdafx.obj
         "Release\W32AP-1.obj"
         Generating code
         All 360 functions were compiled because no usable IPDB/IOBJ from previous compilation was found.
         Finished generating code
         W32AP-1.vcxproj -> C:\Users\v-dashoc\Documents\Visual Studio 2015\Projects\CPPCodingBat\Release\W32AP-1.exe
     1>Done Building Project "C:\Users\v-dashoc\Documents\Visual Studio 2015\Projects\CPPCodingBat\W32AP-1\W32AP-1.vcxproj" (Build target(s)).

Build succeeded.

Time Elapsed 00:00:05.68
